app/build/outputs/logs/manifest-merger-debug-report.txt
-- Merging decision tree log ---
manifest
ADDED from AndroidManifest.xml:22:1
	xmlns:android
		ADDED from AndroidManifest.xml:22:11
	package
		ADDED from AndroidManifest.xml:23:5
		INJECTED from AndroidManifest.xml:0:0
		INJECTED from AndroidManifest.xml:0:0
uses-permission#android.permission.READ_CONTACTS
ADDED from AndroidManifest.xml:25:5
	android:name
		ADDED from AndroidManifest.xml:25:22
uses-permission#android.permission.WRITE_CONTACTS
ADDED from AndroidManifest.xml:26:5
	android:name
		ADDED from AndroidManifest.xml:26:22
uses-permission#android.permission.VIBRATE
ADDED from AndroidManifest.xml:27:5
	android:name
		ADDED from AndroidManifest.xml:27:22
uses-permission#android.permission.ACCESS_COARSE_LOCATION
ADDED from AndroidManifest.xml:28:5
	android:name
		ADDED from AndroidManifest.xml:28:22
uses-permission#android.permission.INTERNET
ADDED from AndroidManifest.xml:29:5
	android:name
		ADDED from AndroidManifest.xml:29:22
uses-permission#android.permission.SET_WALLPAPER
ADDED from AndroidManifest.xml:30:5
	android:name
		ADDED from AndroidManifest.xml:30:22
uses-permission#android.permission.WRITE_EXTERNAL_STORAGE
ADDED from AndroidManifest.xml:31:5
	android:name
		ADDED from AndroidManifest.xml:31:22
uses-permission#android.permission.SEND_SMS
ADDED from AndroidManifest.xml:32:5
	android:name
		ADDED from AndroidManifest.xml:32:22
uses-permission#android.permission.RECEIVE_SMS
ADDED from AndroidManifest.xml:33:5
	android:name
		ADDED from AndroidManifest.xml:33:22
uses-permission#android.permission.NFC
ADDED from AndroidManifest.xml:34:5
	android:name
		ADDED from AndroidManifest.xml:34:22
uses-permission#android.permission.RECORD_AUDIO
ADDED from AndroidManifest.xml:37:5
	android:name
		ADDED from AndroidManifest.xml:37:22
uses-sdk
ADDED from AndroidManifest.xml:39:5
	android:targetSdkVersion
		ADDED from AndroidManifest.xml:39:41
		INJECTED from AndroidManifest.xml:0:0
		INJECTED from AndroidManifest.xml:0:0
	android:minSdkVersion
		ADDED from AndroidManifest.xml:39:15
		INJECTED from AndroidManifest.xml:0:0
		INJECTED from AndroidManifest.xml:0:0
uses-permission#android.permission.CAMERA
ADDED from AndroidManifest.xml:43:5
	android:name
		ADDED from AndroidManifest.xml:43:22
uses-feature#android.hardware.camera
ADDED from AndroidManifest.xml:44:5
	android:name
		ADDED from AndroidManifest.xml:44:19
uses-feature#android.hardware.camera.autofocus
ADDED from AndroidManifest.xml:45:5
	android:required
		ADDED from AndroidManifest.xml:45:68
	android:name
		ADDED from AndroidManifest.xml:45:19
application
ADDED from AndroidManifest.xml:47:5
	android:supportsRtl
		ADDED from AndroidManifest.xml:51:13
	android:label
		ADDED from AndroidManifest.xml:48:13
	android:icon
		ADDED from AndroidManifest.xml:49:13
	android:hardwareAccelerated
		ADDED from AndroidManifest.xml:50:13
	android:name
		ADDED from AndroidManifest.xml:47:18
uses-library#com.example.will.never.exist
ADDED from AndroidManifest.xml:55:9
	android:required
		ADDED from AndroidManifest.xml:55:67
	android:name
		ADDED from AndroidManifest.xml:55:23
activity#com.example.android.apis.ApiDemos
ADDED from AndroidManifest.xml:57:9
	android:name
		ADDED from AndroidManifest.xml:57:19
intent-filter#android.intent.action.MAIN+android.intent.category.DEFAULT+android.intent.category.LAUNCHER
ADDED from AndroidManifest.xml:58:13
action#android.intent.action.MAIN
ADDED from AndroidManifest.xml:59:17
	android:name
		ADDED from AndroidManifest.xml:59:25
category#android.intent.category.DEFAULT
ADDED from AndroidManifest.xml:60:17
	android:name
		ADDED from AndroidManifest.xml:60:27
category#android.intent.category.LAUNCHER
ADDED from AndroidManifest.xml:61:17
	android:name
		ADDED from AndroidManifest.xml:61:27
activity#com.example.android.apis.app.HelloWorld
ADDED from AndroidManifest.xml:71:9
	android:label
		ADDED from AndroidManifest.xml:71:50
	android:name
		ADDED from AndroidManifest.xml:71:19
intent-filter#android.intent.action.MAIN+android.intent.category.SAMPLE_CODE
ADDED from AndroidManifest.xml:72:13
category#android.intent.category.SAMPLE_CODE
ADDED from AndroidManifest.xml:74:17
	android:name
		ADDED from AndroidManifest.xml:74:27
activity#com.example.android.apis.app.DialogActivity
ADDED from AndroidManifest.xml:78:9
	android:label
		ADDED from AndroidManifest.xml:79:17
	android:theme
		ADDED from AndroidManifest.xml:80:17
	android:name
		ADDED from AndroidManifest.xml:78:19
activity#com.example.android.apis.app.CustomDialogActivity
ADDED from AndroidManifest.xml:87:9
	android:label
		ADDED from AndroidManifest.xml:88:17
	android:theme
		ADDED from AndroidManifest.xml:89:17
	android:name
		ADDED from AndroidManifest.xml:87:19
activity#com.example.android.apis.app.QuickContactsDemo
ADDED from AndroidManifest.xml:96:8
	android:label
		ADDED from AndroidManifest.xml:97:17
	android:name
		ADDED from AndroidManifest.xml:96:18
activity#com.example.android.apis.app.WallpaperActivity
ADDED from AndroidManifest.xml:104:9
	android:label
		ADDED from AndroidManifest.xml:105:17
	android:theme
		ADDED from AndroidManifest.xml:106:17
	android:name
		ADDED from AndroidManifest.xml:104:19
activity#com.example.android.apis.app.TranslucentActivity
ADDED from AndroidManifest.xml:113:9
	android:label
		ADDED from AndroidManifest.xml:114:17
	android:theme
		ADDED from AndroidManifest.xml:115:17
	android:name
		ADDED from AndroidManifest.xml:113:19
activity#com.example.android.apis.app.TranslucentBlurActivity
ADDED from AndroidManifest.xml:122:9
	android:label
		ADDED from AndroidManifest.xml:123:17
	android:theme
		ADDED from AndroidManifest.xml:124:17
	android:name
		ADDED from AndroidManifest.xml:122:19
activity#com.example.android.apis.app.Animation
ADDED from AndroidManifest.xml:131:9
	android:label
		ADDED from AndroidManifest.xml:131:49
	android:name
		ADDED from AndroidManifest.xml:131:19
activity#com.example.android.apis.app.SaveRestoreState
ADDED from AndroidManifest.xml:138:9
	android:windowSoftInputMode
		ADDED from AndroidManifest.xml:140:17
	android:label
		ADDED from AndroidManifest.xml:139:17
	android:name
		ADDED from AndroidManifest.xml:138:19
activity#com.example.android.apis.app.PersistentState
ADDED from AndroidManifest.xml:147:9
	android:windowSoftInputMode
		ADDED from AndroidManifest.xml:149:17
	android:label
		ADDED from AndroidManifest.xml:148:17
	android:name
		ADDED from AndroidManifest.xml:147:19
activity#com.example.android.apis.app.ActivityRecreate
ADDED from AndroidManifest.xml:156:9
	android:label
		ADDED from AndroidManifest.xml:157:17
	android:enabled
		ADDED from AndroidManifest.xml:158:17
	android:name
		ADDED from AndroidManifest.xml:156:19
activity#com.example.android.apis.app.FinishAffinity
ADDED from AndroidManifest.xml:165:9
	android:label
		ADDED from AndroidManifest.xml:166:17
	android:enabled
		ADDED from AndroidManifest.xml:168:17
	android:taskAffinity
		ADDED from AndroidManifest.xml:167:17
	android:name
		ADDED from AndroidManifest.xml:165:19
activity#com.example.android.apis.app.SoftInputModes
ADDED from AndroidManifest.xml:175:9
	android:label
		ADDED from AndroidManifest.xml:176:17
	android:name
		ADDED from AndroidManifest.xml:175:19
activity#com.example.android.apis.app.ReceiveResult
ADDED from AndroidManifest.xml:183:9
	android:label
		ADDED from AndroidManifest.xml:183:53
	android:name
		ADDED from AndroidManifest.xml:183:19
activity#com.example.android.apis.app.SendResult
ADDED from AndroidManifest.xml:190:9
	android:theme
		ADDED from AndroidManifest.xml:191:17
	android:name
		ADDED from AndroidManifest.xml:190:19
activity#com.example.android.apis.app.Forwarding
ADDED from AndroidManifest.xml:194:9
	android:label
		ADDED from AndroidManifest.xml:194:50
	android:name
		ADDED from AndroidManifest.xml:194:19
activity#com.example.android.apis.app.ForwardTarget
ADDED from AndroidManifest.xml:201:9
	android:name
		ADDED from AndroidManifest.xml:201:19
activity#com.example.android.apis.app.RedirectEnter
ADDED from AndroidManifest.xml:204:9
	android:label
		ADDED from AndroidManifest.xml:204:53
	android:name
		ADDED from AndroidManifest.xml:204:19
activity#com.example.android.apis.app.RedirectMain
ADDED from AndroidManifest.xml:211:9
	android:name
		ADDED from AndroidManifest.xml:211:19
activity#com.example.android.apis.app.RedirectGetter
ADDED from AndroidManifest.xml:214:9
	android:name
		ADDED from AndroidManifest.xml:214:19
activity#com.example.android.apis.app.CustomTitle
ADDED from AndroidManifest.xml:219:9
	android:windowSoftInputMode
		ADDED from AndroidManifest.xml:221:17
	android:label
		ADDED from AndroidManifest.xml:220:17
	android:theme
		ADDED from AndroidManifest.xml:222:17
	android:name
		ADDED from AndroidManifest.xml:219:19
activity#com.example.android.apis.app.ReorderOnLaunch
ADDED from AndroidManifest.xml:229:9
	android:label
		ADDED from AndroidManifest.xml:230:17
	android:name
		ADDED from AndroidManifest.xml:229:19
activity#com.example.android.apis.app.ReorderTwo
ADDED from AndroidManifest.xml:237:9
	android:name
		ADDED from AndroidManifest.xml:237:19
activity#com.example.android.apis.app.ReorderThree
ADDED from AndroidManifest.xml:238:9
	android:name
		ADDED from AndroidManifest.xml:238:19
activity#com.example.android.apis.app.ReorderFour
ADDED from AndroidManifest.xml:239:9
	android:name
		ADDED from AndroidManifest.xml:239:19
activity#com.example.android.apis.app.SetWallpaperActivity
ADDED from AndroidManifest.xml:241:9
	android:label
		ADDED from AndroidManifest.xml:242:19
	android:name
		ADDED from AndroidManifest.xml:241:19
activity#com.example.android.apis.app.ScreenOrientation
ADDED from AndroidManifest.xml:249:9
	android:label
		ADDED from AndroidManifest.xml:250:19
	android:name
		ADDED from AndroidManifest.xml:249:19
activity#com.example.android.apis.app.PresentationActivity
ADDED from AndroidManifest.xml:257:9
	android:label
		ADDED from AndroidManifest.xml:258:17
	android:name
		ADDED from AndroidManifest.xml:257:19
activity#com.example.android.apis.app.PresentationWithMediaRouterActivity
ADDED from AndroidManifest.xml:265:9
	android:label
		ADDED from AndroidManifest.xml:266:17
	android:name
		ADDED from AndroidManifest.xml:265:19
activity#com.example.android.apis.app.SecureWindowActivity
ADDED from AndroidManifest.xml:273:9
	android:label
		ADDED from AndroidManifest.xml:274:17
	android:name
		ADDED from AndroidManifest.xml:273:19
activity#com.example.android.apis.app.SecureDialogActivity
ADDED from AndroidManifest.xml:281:9
	android:label
		ADDED from AndroidManifest.xml:282:17
	android:name
		ADDED from AndroidManifest.xml:281:19
activity#com.example.android.apis.app.SecureSurfaceViewActivity
ADDED from AndroidManifest.xml:289:9
	android:label
		ADDED from AndroidManifest.xml:290:17
	android:name
		ADDED from AndroidManifest.xml:289:19
activity#com.example.android.apis.app.FragmentAlertDialog
ADDED from AndroidManifest.xml:299:9
	android:label
		ADDED from AndroidManifest.xml:300:17
	android:enabled
		ADDED from AndroidManifest.xml:301:17
	android:name
		ADDED from AndroidManifest.xml:299:19
activity#com.example.android.apis.app.FragmentArguments
ADDED from AndroidManifest.xml:308:9
	android:label
		ADDED from AndroidManifest.xml:309:17
	android:enabled
		ADDED from AndroidManifest.xml:310:17
	android:name
		ADDED from AndroidManifest.xml:308:19
activity#com.example.android.apis.app.FragmentCustomAnimations
ADDED from AndroidManifest.xml:317:9
	android:label
		ADDED from AndroidManifest.xml:318:17
	android:enabled
		ADDED from AndroidManifest.xml:319:17
	android:name
		ADDED from AndroidManifest.xml:317:19
activity#com.example.android.apis.app.FragmentHideShow
ADDED from AndroidManifest.xml:326:9
	android:windowSoftInputMode
		ADDED from AndroidManifest.xml:328:17
	android:label
		ADDED from AndroidManifest.xml:327:17
	android:enabled
		ADDED from AndroidManifest.xml:329:17
	android:name
		ADDED from AndroidManifest.xml:326:19
activity#com.example.android.apis.app.FragmentContextMenu
ADDED from AndroidManifest.xml:336:9
	android:label
		ADDED from AndroidManifest.xml:337:17
	android:enabled
		ADDED from AndroidManifest.xml:338:17
	android:name
		ADDED from AndroidManifest.xml:336:19
activity#com.example.android.apis.app.FragmentDialog
ADDED from AndroidManifest.xml:345:9
	android:label
		ADDED from AndroidManifest.xml:346:17
	android:enabled
		ADDED from AndroidManifest.xml:347:17
	android:name
		ADDED from AndroidManifest.xml:345:19
activity#com.example.android.apis.app.FragmentDialogOrActivity
ADDED from AndroidManifest.xml:354:9
	android:label
		ADDED from AndroidManifest.xml:355:17
	android:enabled
		ADDED from AndroidManifest.xml:356:17
	android:name
		ADDED from AndroidManifest.xml:354:19
activity#com.example.android.apis.app.FragmentLayout
ADDED from AndroidManifest.xml:363:9
	android:label
		ADDED from AndroidManifest.xml:364:17
	android:enabled
		ADDED from AndroidManifest.xml:365:17
	android:name
		ADDED from AndroidManifest.xml:363:19
activity#com.example.android.apis.app.FragmentLayout$DetailsActivity
ADDED from AndroidManifest.xml:372:9
	android:enabled
		ADDED from AndroidManifest.xml:373:17
	android:name
		ADDED from AndroidManifest.xml:372:19
activity#com.example.android.apis.app.FragmentListArray
ADDED from AndroidManifest.xml:375:9
	android:label
		ADDED from AndroidManifest.xml:376:17
	android:enabled
		ADDED from AndroidManifest.xml:377:17
	android:name
		ADDED from AndroidManifest.xml:375:19
activity#com.example.android.apis.app.FragmentMenu
ADDED from AndroidManifest.xml:384:9
	android:label
		ADDED from AndroidManifest.xml:385:17
	android:enabled
		ADDED from AndroidManifest.xml:386:17
	android:name
		ADDED from AndroidManifest.xml:384:19
activity#com.example.android.apis.app.FragmentNestingTabs
ADDED from AndroidManifest.xml:393:9
	android:label
		ADDED from AndroidManifest.xml:394:17
	android:enabled
		ADDED from AndroidManifest.xml:395:17
	android:name
		ADDED from AndroidManifest.xml:393:19
activity#com.example.android.apis.app.FragmentRetainInstance
ADDED from AndroidManifest.xml:402:9
	android:label
		ADDED from AndroidManifest.xml:403:17
	android:enabled
		ADDED from AndroidManifest.xml:404:17
	android:name
		ADDED from AndroidManifest.xml:402:19
activity#com.example.android.apis.app.FragmentReceiveResult
ADDED from AndroidManifest.xml:411:9
	android:label
		ADDED from AndroidManifest.xml:412:17
	android:enabled
		ADDED from AndroidManifest.xml:413:17
	android:name
		ADDED from AndroidManifest.xml:411:19
activity#com.example.android.apis.app.FragmentStack
ADDED from AndroidManifest.xml:420:9
	android:label
		ADDED from AndroidManifest.xml:421:17
	android:enabled
		ADDED from AndroidManifest.xml:422:17
	android:name
		ADDED from AndroidManifest.xml:420:19
activity#com.example.android.apis.app.FragmentTabs
ADDED from AndroidManifest.xml:429:9
	android:label
		ADDED from AndroidManifest.xml:430:17
	android:enabled
		ADDED from AndroidManifest.xml:431:17
	android:name
		ADDED from AndroidManifest.xml:429:19
activity#com.example.android.apis.app.LoaderCursor
ADDED from AndroidManifest.xml:440:9
	android:label
		ADDED from AndroidManifest.xml:441:17
	android:enabled
		ADDED from AndroidManifest.xml:442:17
	android:name
		ADDED from AndroidManifest.xml:440:19
activity#com.example.android.apis.app.LoaderCustom
ADDED from AndroidManifest.xml:449:9
	android:label
		ADDED from AndroidManifest.xml:450:17
	android:enabled
		ADDED from AndroidManifest.xml:451:17
	android:name
		ADDED from AndroidManifest.xml:449:19
activity#com.example.android.apis.app.LoaderThrottle
ADDED from AndroidManifest.xml:459:9
	android:label
		ADDED from AndroidManifest.xml:460:17
	android:enabled
		ADDED from AndroidManifest.xml:461:17
	android:name
		ADDED from AndroidManifest.xml:459:19
provider#com.example.android.apis.app.LoaderThrottle$SimpleProvider
ADDED from AndroidManifest.xml:467:9
	android:authorities
		ADDED from AndroidManifest.xml:468:19
	android:enabled
		ADDED from AndroidManifest.xml:469:19
	android:name
		ADDED from AndroidManifest.xml:467:19
activity#com.example.android.apis.app.LoaderRetained
ADDED from AndroidManifest.xml:472:9
	android:label
		ADDED from AndroidManifest.xml:473:17
	android:enabled
		ADDED from AndroidManifest.xml:474:17
	android:name
		ADDED from AndroidManifest.xml:472:19
activity#com.example.android.apis.app.Intents
ADDED from AndroidManifest.xml:483:9
	android:label
		ADDED from AndroidManifest.xml:483:47
	android:name
		ADDED from AndroidManifest.xml:483:19
activity#com.example.android.apis.app.IntentActivityFlags
ADDED from AndroidManifest.xml:490:9
	android:label
		ADDED from AndroidManifest.xml:491:17
	android:name
		ADDED from AndroidManifest.xml:490:19
service#com.example.android.apis.app.LocalService
ADDED from AndroidManifest.xml:500:9
	android:stopWithTask
		ADDED from AndroidManifest.xml:500:51
	android:name
		ADDED from AndroidManifest.xml:500:18
activity#com.example.android.apis.app.LocalServiceActivities$Controller
ADDED from AndroidManifest.xml:502:9
	android:label
		ADDED from AndroidManifest.xml:503:17
	android:name
		ADDED from AndroidManifest.xml:502:19
	android:launchMode
		ADDED from AndroidManifest.xml:504:17
activity#com.example.android.apis.app.LocalServiceActivities$Binding
ADDED from AndroidManifest.xml:511:9
	android:label
		ADDED from AndroidManifest.xml:512:17
	android:name
		ADDED from AndroidManifest.xml:511:19
service#com.example.android.apis.app.MessengerService
ADDED from AndroidManifest.xml:520:9
	android:process
		ADDED from AndroidManifest.xml:521:17
	android:name
		ADDED from AndroidManifest.xml:520:18
activity#com.example.android.apis.app.MessengerServiceActivities$Binding
ADDED from AndroidManifest.xml:524:9
	android:label
		ADDED from AndroidManifest.xml:525:17
	android:name
		ADDED from AndroidManifest.xml:524:19
service#com.example.android.apis.app.RemoteService
ADDED from AndroidManifest.xml:532:9
	android:process
		ADDED from AndroidManifest.xml:532:52
	android:name
		ADDED from AndroidManifest.xml:532:18
intent-filter#com.example.android.apis.app.IRemoteService+com.example.android.apis.app.ISecondary+com.example.android.apis.app.REMOTE_SERVICE
ADDED from AndroidManifest.xml:533:13
action#com.example.android.apis.app.IRemoteService
ADDED from AndroidManifest.xml:536:17
	android:name
		ADDED from AndroidManifest.xml:536:25
action#com.example.android.apis.app.ISecondary
ADDED from AndroidManifest.xml:537:17
	android:name
		ADDED from AndroidManifest.xml:537:25
action#com.example.android.apis.app.REMOTE_SERVICE
ADDED from AndroidManifest.xml:540:17
	android:name
		ADDED from AndroidManifest.xml:540:25
activity#com.example.android.apis.app.RemoteService$Controller
ADDED from AndroidManifest.xml:544:9
	android:label
		ADDED from AndroidManifest.xml:545:17
	android:name
		ADDED from AndroidManifest.xml:544:19
	android:launchMode
		ADDED from AndroidManifest.xml:546:17
activity#com.example.android.apis.app.RemoteService$Binding
ADDED from AndroidManifest.xml:553:9
	android:label
		ADDED from AndroidManifest.xml:554:17
	android:name
		ADDED from AndroidManifest.xml:553:19
activity#com.example.android.apis.app.RemoteService$BindingOptions
ADDED from AndroidManifest.xml:561:9
	android:label
		ADDED from AndroidManifest.xml:562:17
	android:name
		ADDED from AndroidManifest.xml:561:19
service#com.example.android.apis.app.ServiceStartArguments
ADDED from AndroidManifest.xml:569:9
	android:name
		ADDED from AndroidManifest.xml:569:18
activity#com.example.android.apis.app.ServiceStartArguments$Controller
ADDED from AndroidManifest.xml:571:9
	android:label
		ADDED from AndroidManifest.xml:572:17
	android:name
		ADDED from AndroidManifest.xml:571:19
	android:launchMode
		ADDED from AndroidManifest.xml:573:17
service#com.example.android.apis.app.ForegroundService
ADDED from AndroidManifest.xml:580:9
	android:name
		ADDED from AndroidManifest.xml:580:18
activity#com.example.android.apis.app.ForegroundService$Controller
ADDED from AndroidManifest.xml:582:9
	android:label
		ADDED from AndroidManifest.xml:583:17
	android:name
		ADDED from AndroidManifest.xml:582:19
	android:launchMode
		ADDED from AndroidManifest.xml:584:17
activity#com.example.android.apis.app.IsolatedService$Controller
ADDED from AndroidManifest.xml:591:9
	android:label
		ADDED from AndroidManifest.xml:592:17
	android:enabled
		ADDED from AndroidManifest.xml:594:17
	android:name
		ADDED from AndroidManifest.xml:591:19
	android:launchMode
		ADDED from AndroidManifest.xml:593:17
service#com.example.android.apis.app.IsolatedService
ADDED from AndroidManifest.xml:601:9
	android:isolatedProcess
		ADDED from AndroidManifest.xml:601:54
	android:enabled
		ADDED from AndroidManifest.xml:602:17
	android:name
		ADDED from AndroidManifest.xml:601:18
service#com.example.android.apis.app.IsolatedService2
ADDED from AndroidManifest.xml:603:9
	android:isolatedProcess
		ADDED from AndroidManifest.xml:603:55
	android:enabled
		ADDED from AndroidManifest.xml:604:17
	android:name
		ADDED from AndroidManifest.xml:603:18
receiver#com.example.android.apis.app.OneShotAlarm
ADDED from AndroidManifest.xml:608:9
	android:process
		ADDED from AndroidManifest.xml:608:52
	android:name
		ADDED from AndroidManifest.xml:608:19
receiver#com.example.android.apis.app.RepeatingAlarm
ADDED from AndroidManifest.xml:610:9
	android:process
		ADDED from AndroidManifest.xml:610:54
	android:name
		ADDED from AndroidManifest.xml:610:19
activity#com.example.android.apis.app.AlarmController
ADDED from AndroidManifest.xml:612:9
	android:label
		ADDED from AndroidManifest.xml:612:55
	android:name
		ADDED from AndroidManifest.xml:612:19
service#com.example.android.apis.app.AlarmService_Service
ADDED from AndroidManifest.xml:619:9
	android:process
		ADDED from AndroidManifest.xml:619:59
	android:name
		ADDED from AndroidManifest.xml:619:18
activity#com.example.android.apis.app.AlarmService
ADDED from AndroidManifest.xml:621:9
	android:label
		ADDED from AndroidManifest.xml:621:52
	android:name
		ADDED from AndroidManifest.xml:621:19
activity#com.example.android.apis.accessibility.ClockBackActivity
ADDED from AndroidManifest.xml:632:9
	android:label
		ADDED from AndroidManifest.xml:633:13
	android:name
		ADDED from AndroidManifest.xml:632:19
service#com.example.android.apis.accessibility.ClockBackService
ADDED from AndroidManifest.xml:640:9
	android:label
		ADDED from AndroidManifest.xml:641:13
	android:permission
		ADDED from AndroidManifest.xml:642:13
	android:name
		ADDED from AndroidManifest.xml:640:18
intent-filter#android.accessibilityservice.AccessibilityService
ADDED from AndroidManifest.xml:643:13
action#android.accessibilityservice.AccessibilityService
ADDED from AndroidManifest.xml:644:17
	android:name
		ADDED from AndroidManifest.xml:644:25
activity#com.example.android.apis.accessibility.TaskListActivity
ADDED from AndroidManifest.xml:648:9
	android:label
		ADDED from AndroidManifest.xml:649:19
	android:enabled
		ADDED from AndroidManifest.xml:650:19
	android:name
		ADDED from AndroidManifest.xml:648:19
service#com.example.android.apis.accessibility.TaskBackService
ADDED from AndroidManifest.xml:657:9
	android:label
		ADDED from AndroidManifest.xml:658:18
	android:enabled
		ADDED from AndroidManifest.xml:659:18
	android:permission
		ADDED from AndroidManifest.xml:660:18
	android:name
		ADDED from AndroidManifest.xml:657:18
meta-data#android.accessibilityservice
ADDED from AndroidManifest.xml:664:13
	android:resource
		ADDED from AndroidManifest.xml:666:17
	android:name
		ADDED from AndroidManifest.xml:665:17
activity#com.example.android.apis.accessibility.CustomViewAccessibilityActivity
ADDED from AndroidManifest.xml:669:9
	android:label
		ADDED from AndroidManifest.xml:670:19
	android:enabled
		ADDED from AndroidManifest.xml:671:19
	android:name
		ADDED from AndroidManifest.xml:669:19
activity#com.example.android.apis.app.LocalSample
ADDED from AndroidManifest.xml:680:9
	android:label
		ADDED from AndroidManifest.xml:680:51
	android:name
		ADDED from AndroidManifest.xml:680:19
intent-filter#android.intent.action.MAIN
ADDED from AndroidManifest.xml:681:13
activity#com.example.android.apis.app.ContactsFilter
ADDED from AndroidManifest.xml:687:9
	android:label
		ADDED from AndroidManifest.xml:687:54
	android:name
		ADDED from AndroidManifest.xml:687:19
activity#com.example.android.apis.app.NotifyWithText
ADDED from AndroidManifest.xml:697:9
	android:label
		ADDED from AndroidManifest.xml:697:54
	android:name
		ADDED from AndroidManifest.xml:697:19
activity#com.example.android.apis.app.IncomingMessage
ADDED from AndroidManifest.xml:704:9
	android:label
		ADDED from AndroidManifest.xml:705:17
	android:name
		ADDED from AndroidManifest.xml:704:19
activity#com.example.android.apis.app.IncomingMessageView
ADDED from AndroidManifest.xml:712:9
	android:label
		ADDED from AndroidManifest.xml:713:17
	android:name
		ADDED from AndroidManifest.xml:712:19
activity#com.example.android.apis.app.IncomingMessageInterstitial
ADDED from AndroidManifest.xml:717:9
	android:label
		ADDED from AndroidManifest.xml:718:17
	android:theme
		ADDED from AndroidManifest.xml:719:17
	android:excludeFromRecents
		ADDED from AndroidManifest.xml:722:17
	android:taskAffinity
		ADDED from AndroidManifest.xml:721:17
	android:name
		ADDED from AndroidManifest.xml:717:19
	android:launchMode
		ADDED from AndroidManifest.xml:720:17
activity#com.example.android.apis.app.NotificationDisplay
ADDED from AndroidManifest.xml:730:9
	android:noHistory
		ADDED from AndroidManifest.xml:734:17
	android:theme
		ADDED from AndroidManifest.xml:731:17
	android:excludeFromRecents
		ADDED from AndroidManifest.xml:733:17
	android:taskAffinity
		ADDED from AndroidManifest.xml:732:17
	android:name
		ADDED from AndroidManifest.xml:730:19
activity#com.example.android.apis.app.StatusBarNotifications
ADDED from AndroidManifest.xml:737:9
	android:label
		ADDED from AndroidManifest.xml:738:17
	android:name
		ADDED from AndroidManifest.xml:737:19
	android:launchMode
		ADDED from AndroidManifest.xml:739:17
service#com.example.android.apis.app.NotifyingService
ADDED from AndroidManifest.xml:746:9
	android:name
		ADDED from AndroidManifest.xml:746:18
activity#com.example.android.apis.app.NotifyingController
ADDED from AndroidManifest.xml:748:9
	android:label
		ADDED from AndroidManifest.xml:748:59
	android:name
		ADDED from AndroidManifest.xml:748:19
activity#com.example.android.apis.app.AlertDialogSamples
ADDED from AndroidManifest.xml:756:9
	android:label
		ADDED from AndroidManifest.xml:756:58
	android:name
		ADDED from AndroidManifest.xml:756:19
activity#com.example.android.apis.app.SearchInvoke
ADDED from AndroidManifest.xml:770:9
	android:label
		ADDED from AndroidManifest.xml:771:19
	android:name
		ADDED from AndroidManifest.xml:770:19
meta-data#android.app.default_searchable
ADDED from AndroidManifest.xml:779:13
	android:name
		ADDED from AndroidManifest.xml:779:24
	android:value
		ADDED from AndroidManifest.xml:780:24
activity#com.example.android.apis.app.SearchQueryResults
ADDED from AndroidManifest.xml:794:9
	android:label
		ADDED from AndroidManifest.xml:795:19
	android:name
		ADDED from AndroidManifest.xml:794:19
intent-filter#android.intent.action.SEARCH+android.intent.category.DEFAULT
ADDED from AndroidManifest.xml:803:13
action#android.intent.action.SEARCH
ADDED from AndroidManifest.xml:804:17
	android:name
		ADDED from AndroidManifest.xml:804:25
meta-data#android.app.searchable
ADDED from AndroidManifest.xml:811:13
	android:resource
		ADDED from AndroidManifest.xml:812:24
	android:name
		ADDED from AndroidManifest.xml:811:24
provider#com.example.android.apis.app.SearchSuggestionSampleProvider
ADDED from AndroidManifest.xml:818:9
	android:authorities
		ADDED from AndroidManifest.xml:819:19
	android:name
		ADDED from AndroidManifest.xml:818:19
activity#com.example.android.apis.app.LauncherShortcuts
ADDED from AndroidManifest.xml:844:9
	android:label
		ADDED from AndroidManifest.xml:845:19
	android:name
		ADDED from AndroidManifest.xml:844:19
activity-alias#com.example.android.apis.app.CreateShortcuts
ADDED from AndroidManifest.xml:857:9
	android:label
		ADDED from AndroidManifest.xml:859:13
	android:targetActivity
		ADDED from AndroidManifest.xml:858:13
	android:name
		ADDED from AndroidManifest.xml:857:25
intent-filter#android.intent.action.CREATE_SHORTCUT+android.intent.category.DEFAULT
ADDED from AndroidManifest.xml:862:13
action#android.intent.action.CREATE_SHORTCUT
ADDED from AndroidManifest.xml:863:17
	android:name
		ADDED from AndroidManifest.xml:863:25
activity#com.example.android.apis.app.MenuInflateFromXml
ADDED from AndroidManifest.xml:871:9
	android:label
		ADDED from AndroidManifest.xml:871:58
	android:name
		ADDED from AndroidManifest.xml:871:19
activity#com.example.android.apis.app.DeviceAdminSample
ADDED from AndroidManifest.xml:880:9
	android:label
		ADDED from AndroidManifest.xml:881:17
	android:name
		ADDED from AndroidManifest.xml:880:19
receiver#com.example.android.apis.app.DeviceAdminSample$DeviceAdminSampleReceiver
ADDED from AndroidManifest.xml:889:9
	android:label
		ADDED from AndroidManifest.xml:890:17
	android:description
		ADDED from AndroidManifest.xml:891:17
	android:permission
		ADDED from AndroidManifest.xml:892:17
	android:name
		ADDED from AndroidManifest.xml:889:19
meta-data#android.app.device_admin
ADDED from AndroidManifest.xml:893:13
	android:resource
		ADDED from AndroidManifest.xml:894:24
	android:name
		ADDED from AndroidManifest.xml:893:24
intent-filter#android.app.action.DEVICE_ADMIN_ENABLED
ADDED from AndroidManifest.xml:895:13
action#android.app.action.DEVICE_ADMIN_ENABLED
ADDED from AndroidManifest.xml:896:17
	android:name
		ADDED from AndroidManifest.xml:896:25
activity#com.example.android.apis.app.VoiceRecognition
ADDED from AndroidManifest.xml:903:9
	android:label
		ADDED from AndroidManifest.xml:903:56
	android:name
		ADDED from AndroidManifest.xml:903:19
activity#com.example.android.apis.app.TextToSpeechActivity
ADDED from AndroidManifest.xml:912:9
	android:label
		ADDED from AndroidManifest.xml:912:60